2024-11-30 19:34:05,716 - werkzeug - INFO - [31m[1mWARNING: This is a development server. Do not use it in a production deployment. Use a production WSGI server instead.[0m
 * Running on http://127.0.0.1:5000
2024-11-30 19:34:05,716 - werkzeug - INFO - [33mPress CTRL+C to quit[0m
2024-11-30 19:34:15,144 - WDM - INFO - ====== WebDriver manager ======
2024-11-30 19:34:15,144 - WDM - INFO - ====== WebDriver manager ======
2024-11-30 19:34:15,144 - WDM - INFO - ====== WebDriver manager ======
2024-11-30 19:34:15,951 - WDM - INFO - Get LATEST chromedriver version for google-chrome
2024-11-30 19:34:15,952 - WDM - INFO - Get LATEST chromedriver version for google-chrome
2024-11-30 19:34:15,952 - WDM - INFO - Get LATEST chromedriver version for google-chrome
2024-11-30 19:34:16,091 - WDM - INFO - Get LATEST chromedriver version for google-chrome
2024-11-30 19:34:16,091 - WDM - INFO - Get LATEST chromedriver version for google-chrome
2024-11-30 19:34:16,103 - WDM - INFO - Get LATEST chromedriver version for google-chrome
2024-11-30 19:34:16,222 - WDM - INFO - Driver [C:\Users\muwi1\.wdm\drivers\chromedriver\win64\131.0.6778.85\chromedriver-win32/chromedriver.exe] found in cache
2024-11-30 19:34:16,266 - WDM - INFO - Driver [C:\Users\muwi1\.wdm\drivers\chromedriver\win64\131.0.6778.85\chromedriver-win32/chromedriver.exe] found in cache
2024-11-30 19:34:16,267 - WDM - INFO - Driver [C:\Users\muwi1\.wdm\drivers\chromedriver\win64\131.0.6778.85\chromedriver-win32/chromedriver.exe] found in cache
2024-11-30 19:34:31,656 - __main__ - ERROR - Error scraping Migros: Message: 
Stacktrace:
	GetHandleVerifier [0x006733E3+25059]
	(No symbol) [0x005FCDE4]
	(No symbol) [0x004DBEC3]
	(No symbol) [0x0051FD86]
	(No symbol) [0x0051FFCB]
	(No symbol) [0x0055D952]
	(No symbol) [0x00541F44]
	(No symbol) [0x0055B51E]
	(No symbol) [0x00541C96]
	(No symbol) [0x00513FAC]
	(No symbol) [0x00514F3D]
	GetHandleVerifier [0x00965543+3113795]
	GetHandleVerifier [0x0097A20A+3198986]
	GetHandleVerifier [0x009729E2+3168226]
	GetHandleVerifier [0x00713250+680016]
	(No symbol) [0x0060572D]
	(No symbol) [0x006029D8]
	(No symbol) [0x00602B75]
	(No symbol) [0x005F57D0]
	BaseThreadInitThunk [0x75187BA9+25]
	RtlInitializeExceptionChain [0x7746C0CB+107]
	RtlClearBits [0x7746C04F+191]

2024-11-30 19:34:32,044 - __main__ - ERROR - Error processing product: 'NoneType' object has no attribute 'text'
2024-11-30 19:34:32,045 - __main__ - ERROR - Error processing product: 'NoneType' object has no attribute 'text'
2024-11-30 19:34:32,046 - __main__ - ERROR - Error processing product: 'NoneType' object has no attribute 'text'
2024-11-30 19:34:32,046 - __main__ - ERROR - Error processing product: 'NoneType' object has no attribute 'text'
2024-11-30 19:34:32,047 - __main__ - ERROR - Error processing product: 'NoneType' object has no attribute 'text'
2024-11-30 19:34:34,492 - __main__ - ERROR - Error processing product: 'NoneType' object has no attribute 'text'
2024-11-30 19:34:41,054 - werkzeug - INFO - 127.0.0.1 - - [30/Nov/2024 19:34:41] "[33mGET /compare?product_name=milk HTTP/1.1[0m" 404 -
